# JRE version: OpenJDK Runtime Environment (8.0_202) (build 1.8.0_202-release-1483-b49-5587405)
# Java VM: OpenJDK 64-Bit Server VM (25.202-b49-5587405 mixed mode linux-amd64 compressed oops)
Heap:
 PSYoungGen      total 2591232K, used 70577K [0x0000000700000000, 0x00000007a6e00000, 0x00000007c0000000)
  eden space 2448384K, 0% used [0x0000000700000000,0x0000000700000000,0x0000000795700000)
  from space 142848K, 49% used [0x0000000795700000,0x0000000799bec4a8,0x000000079e280000)
  to   space 134656K, 0% used [0x000000079ea80000,0x000000079ea80000,0x00000007a6e00000)
 ParOldGen       total 440320K, used 293947K [0x0000000580000000, 0x000000059ae00000, 0x0000000700000000)
  object space 440320K, 66% used [0x0000000580000000,0x0000000591f0ec80,0x000000059ae00000)
 Metaspace       used 126753K, capacity 137338K, committed 137856K, reserved 1167360K
  class space    used 16255K, capacity 18796K, committed 19072K, reserved 1048576K
GC Heap History (10 events):
Event: 238,750 GC heap after
Heap after GC invocations=28 (full 5):
 PSYoungGen      total 1708544K, used 60255K [0x0000000700000000, 0x000000078f200000, 0x00000007c0000000)
  eden space 1543168K, 0% used [0x0000000700000000,0x0000000700000000,0x000000075e300000)
  from space 165376K, 36% used [0x000000075e300000,0x0000000761dd7dc8,0x0000000768480000)
  to   space 155648K, 0% used [0x0000000785a00000,0x0000000785a00000,0x000000078f200000)
 ParOldGen       total 361472K, used 261155K [0x0000000580000000, 0x0000000596100000, 0x0000000700000000)
  object space 361472K, 72% used [0x0000000580000000,0x000000058ff08d80,0x0000000596100000)
 Metaspace       used 119367K, capacity 129372K, committed 129792K, reserved 1161216K
  class space    used 15431K, capacity 17907K, committed 18176K, reserved 1048576K
}
Event: 250,599 GC heap before
{Heap before GC invocations=29 (full 5):
 PSYoungGen      total 1708544K, used 1603423K [0x0000000700000000, 0x000000078f200000, 0x00000007c0000000)
  eden space 1543168K, 100% used [0x0000000700000000,0x000000075e300000,0x000000075e300000)
  from space 165376K, 36% used [0x000000075e300000,0x0000000761dd7dc8,0x0000000768480000)
  to   space 155648K, 0% used [0x0000000785a00000,0x0000000785a00000,0x000000078f200000)
 ParOldGen       total 361472K, used 261155K [0x0000000580000000, 0x0000000596100000, 0x0000000700000000)
  object space 361472K, 72% used [0x0000000580000000,0x000000058ff08d80,0x0000000596100000)
 Metaspace       used 125480K, capacity 135982K, committed 136320K, reserved 1167360K
  class space    used 16212K, capacity 18774K, committed 19072K, reserved 1048576K
Event: 250,938 GC heap after
Heap after GC invocations=29 (full 5):
 PSYoungGen      total 2144256K, used 75165K [0x0000000700000000, 0x000000078d780000, 0x00000007c0000000)
  eden space 2015744K, 0% used [0x0000000700000000,0x0000000700000000,0x000000077b080000)
  from space 128512K, 58% used [0x0000000785a00000,0x000000078a3674f8,0x000000078d780000)
  to   space 151040K, 0% used [0x000000077b080000,0x000000077b080000,0x0000000784400000)
 ParOldGen       total 361472K, used 284111K [0x0000000580000000, 0x0000000596100000, 0x0000000700000000)
  object space 361472K, 78% used [0x0000000580000000,0x0000000591573ff8,0x0000000596100000)
 Metaspace       used 125480K, capacity 135982K, committed 136320K, reserved 1167360K
  class space    used 16212K, capacity 18774K, committed 19072K, reserved 1048576K
}
Event: 268,340 GC heap before
{Heap before GC invocations=30 (full 5):
 PSYoungGen      total 2144256K, used 2090909K [0x0000000700000000, 0x000000078d780000, 0x00000007c0000000)
  eden space 2015744K, 100% used [0x0000000700000000,0x000000077b080000,0x000000077b080000)
  from space 128512K, 58% used [0x0000000785a00000,0x000000078a3674f8,0x000000078d780000)
  to   space 151040K, 0% used [0x000000077b080000,0x000000077b080000,0x0000000784400000)
 ParOldGen       total 361472K, used 284111K [0x0000000580000000, 0x0000000596100000, 0x0000000700000000)
  object space 361472K, 78% used [0x0000000580000000,0x0000000591573ff8,0x0000000596100000)
 Metaspace       used 126148K, capacity 136694K, committed 137088K, reserved 1167360K
  class space    used 16225K, capacity 18782K, committed 19072K, reserved 1048576K
Event: 268,593 GC heap after
Heap after GC invocations=30 (full 5):
 PSYoungGen      total 2166784K, used 48979K [0x0000000700000000, 0x00000007a7800000, 0x00000007c0000000)
  eden space 2015744K, 0% used [0x0000000700000000,0x0000000700000000,0x000000077b080000)
  from space 151040K, 32% used [0x000000077b080000,0x000000077e054d28,0x0000000784400000)
  to   space 144896K, 0% used [0x000000079ea80000,0x000000079ea80000,0x00000007a7800000)
 ParOldGen       total 361472K, used 320357K [0x0000000580000000, 0x0000000596100000, 0x0000000700000000)
  object space 361472K, 88% used [0x0000000580000000,0x00000005938d96f0,0x0000000596100000)
 Metaspace       used 126148K, capacity 136694K, committed 137088K, reserved 1167360K
  class space    used 16225K, capacity 18782K, committed 19072K, reserved 1048576K
}
Event: 268,593 GC heap before
{Heap before GC invocations=31 (full 6):
 PSYoungGen      total 2166784K, used 48979K [0x0000000700000000, 0x00000007a7800000, 0x00000007c0000000)
  eden space 2015744K, 0% used [0x0000000700000000,0x0000000700000000,0x000000077b080000)
  from space 151040K, 32% used [0x000000077b080000,0x000000077e054d28,0x0000000784400000)
  to   space 144896K, 0% used [0x000000079ea80000,0x000000079ea80000,0x00000007a7800000)
 ParOldGen       total 361472K, used 320357K [0x0000000580000000, 0x0000000596100000, 0x0000000700000000)
  object space 361472K, 88% used [0x0000000580000000,0x00000005938d96f0,0x0000000596100000)
 Metaspace       used 126148K, capacity 136694K, committed 137088K, reserved 1167360K
  class space    used 16225K, capacity 18782K, committed 19072K, reserved 1048576K
Event: 270,176 GC heap after
Heap after GC invocations=31 (full 6):
 PSYoungGen      total 2166784K, used 0K [0x0000000700000000, 0x00000007a7800000, 0x00000007c0000000)
  eden space 2015744K, 0% used [0x0000000700000000,0x0000000700000000,0x000000077b080000)
  from space 151040K, 0% used [0x000000077b080000,0x000000077b080000,0x0000000784400000)
  to   space 144896K, 0% used [0x000000079ea80000,0x000000079ea80000,0x00000007a7800000)
 ParOldGen       total 440320K, used 253485K [0x0000000580000000, 0x000000059ae00000, 0x0000000700000000)
  object space 440320K, 57% used [0x0000000580000000,0x000000058f78b628,0x000000059ae00000)
 Metaspace       used 126024K, capacity 136398K, committed 137088K, reserved 1167360K
  class space    used 16184K, capacity 18710K, committed 19072K, reserved 1048576K
}
Event: 277,862 GC heap before
{Heap before GC invocations=32 (full 6):
 PSYoungGen      total 2166784K, used 2015744K [0x0000000700000000, 0x00000007a7800000, 0x00000007c0000000)
  eden space 2015744K, 100% used [0x0000000700000000,0x000000077b080000,0x000000077b080000)
  from space 151040K, 0% used [0x000000077b080000,0x000000077b080000,0x0000000784400000)
  to   space 144896K, 0% used [0x000000079ea80000,0x000000079ea80000,0x00000007a7800000)
 ParOldGen       total 440320K, used 253779K [0x0000000580000000, 0x000000059ae00000, 0x0000000700000000)
  object space 440320K, 57% used [0x0000000580000000,0x000000058f7d4f28,0x000000059ae00000)
 Metaspace       used 126526K, capacity 136930K, committed 137344K, reserved 1167360K
  class space    used 16237K, capacity 18776K, committed 19072K, reserved 1048576K
Event: 278,136 GC heap after
Heap after GC invocations=32 (full 6):
 PSYoungGen      total 2583040K, used 78753K [0x0000000700000000, 0x00000007a6e00000, 0x00000007c0000000)
  eden space 2448384K, 0% used [0x0000000700000000,0x0000000700000000,0x0000000795700000)
  from space 134656K, 58% used [0x000000079ea80000,0x00000007a37684f8,0x00000007a6e00000)
  to   space 142848K, 0% used [0x0000000795700000,0x0000000795700000,0x000000079e280000)
 ParOldGen       total 440320K, used 253779K [0x0000000580000000, 0x000000059ae00000, 0x0000000700000000)
  object space 440320K, 57% used [0x0000000580000000,0x000000058f7d4f28,0x000000059ae00000)
 Metaspace       used 126526K, capacity 136930K, committed 137344K, reserved 1167360K
  class space    used 16237K, capacity 18776K, committed 19072K, reserved 1048576K
}
Event: 285,836 GC heap before
{Heap before GC invocations=33 (full 6):
 PSYoungGen      total 2583040K, used 2527137K [0x0000000700000000, 0x00000007a6e00000, 0x00000007c0000000)
  eden space 2448384K, 100% used [0x0000000700000000,0x0000000795700000,0x0000000795700000)
  from space 134656K, 58% used [0x000000079ea80000,0x00000007a37684f8,0x00000007a6e00000)
  to   space 142848K, 0% used [0x0000000795700000,0x0000000795700000,0x000000079e280000)
 ParOldGen       total 440320K, used 253821K [0x0000000580000000, 0x000000059ae00000, 0x0000000700000000)
  object space 440320K, 57% used [0x0000000580000000,0x000000058f7df440,0x000000059ae00000)
 Metaspace       used 126753K, capacity 137338K, committed 137856K, reserved 1167360K
  class space    used 16255K, capacity 18796K, committed 19072K, reserved 1048576K

